2021-03-09 22:35:57 INFO  DBConnector:45 - Источник запроса: SELECT PLANETS.NAMES,PLANETS.RADIUS,PLANETS.TEMPERATURE, PLANETS.HAVE_LIFE,PLANETS.HAVE_ATMOSPHERE,SATELLITES.NAMES as SatelliteName FROM PLANETS INNER JOIN SATELLITES ON PLANETS.NAMES = SATELLITES.PLANET WHERE HAVE_LIFE=?
2021-03-09 22:35:57 INFO  DBConnector:63 - Количество записей результирующего набора данного запроса: 1
2021-03-09 22:35:57 INFO  DBConnector:45 - Источник запроса: SELECT o.NAMES,[Минимальный радиус],isnull([Количество спутников],0) [Количество спутников] FROM (SELECT TOP 1 NAMES, RADIUS [Минимальный радиус] FROM PLANETS rt  order by RADIUS asc) o left outer join (SELECT SATELLITES.PLANET, count(*) [Количество спутников] from SATELLITES 
group by SATELLITES.PLANET) s
		ON o.NAMES = s.PLANET;
2021-03-09 22:35:57 INFO  DBConnector:63 - Количество записей результирующего набора данного запроса: 1
2021-03-09 22:35:57 INFO  DBConnector:45 - Источник запроса: SELECT TOP 1 rt1.NAMES,[Сумма радиусов] from (SELECT PLANETS.NAMES, sum(SATELLITES.RADIUS)[Сумма радиусов] FROM PLANETS inner JOIN SATELLITES on PLANETS.NAMES = SATELLITES.PLANET GROUP BY PLANETS.NAMES) rt1 order by [Сумма радиусов] desc;
2021-03-09 22:35:57 INFO  DBConnector:63 - Количество записей результирующего набора данного запроса: 1
2021-03-10 14:15:50 INFO  DBConnector:45 - Источник запроса: SELECT PLANETS.NAMES,PLANETS.RADIUS,PLANETS.TEMPERATURE, PLANETS.HAVE_LIFE,PLANETS.HAVE_ATMOSPHERE,SATELLITES.NAMES as SatelliteName FROM PLANETS INNER JOIN SATELLITES ON PLANETS.NAMES = SATELLITES.PLANET WHERE HAVE_LIFE=?
2021-03-10 14:15:50 INFO  DBConnector:63 - Количество записей результирующего набора данного запроса: 15
2021-03-10 14:15:50 INFO  DBConnector:45 - Источник запроса: SELECT o.NAMES,[Минимальный радиус],isnull([Количество спутников],0) [Количество спутников] FROM (SELECT TOP 1 NAMES, RADIUS [Минимальный радиус] FROM PLANETS rt  order by RADIUS asc) o left outer join (SELECT SATELLITES.PLANET, count(*) [Количество спутников] from SATELLITES 
group by SATELLITES.PLANET) s
		ON o.NAMES = s.PLANET;
2021-03-10 14:15:50 INFO  DBConnector:63 - Количество записей результирующего набора данного запроса: 1
2021-03-10 14:15:50 INFO  DBConnector:45 - Источник запроса: SELECT TOP 1 rt1.NAMES,[Сумма радиусов] from (SELECT PLANETS.NAMES, sum(SATELLITES.RADIUS)[Сумма радиусов] FROM PLANETS inner JOIN SATELLITES on PLANETS.NAMES = SATELLITES.PLANET GROUP BY PLANETS.NAMES) rt1 order by [Сумма радиусов] desc;
2021-03-10 14:15:50 INFO  DBConnector:63 - Количество записей результирующего набора данного запроса: 1
2021-03-10 14:16:25 INFO  DBConnector:45 - Источник запроса: SELECT PLANETS.NAMES,PLANETS.RADIUS,PLANETS.TEMPERATURE, PLANETS.HAVE_LIFE,PLANETS.HAVE_ATMOSPHERE,SATELLITES.NAMES as SatelliteName FROM PLANETS INNER JOIN SATELLITES ON PLANETS.NAMES = SATELLITES.PLANET WHERE HAVE_LIFE=?
2021-03-10 14:16:25 INFO  DBConnector:63 - Количество записей результирующего набора данного запроса: 1
2021-03-10 14:16:25 INFO  DBConnector:45 - Источник запроса: SELECT o.NAMES,[Минимальный радиус],isnull([Количество спутников],0) [Количество спутников] FROM (SELECT TOP 1 NAMES, RADIUS [Минимальный радиус] FROM PLANETS rt  order by RADIUS asc) o left outer join (SELECT SATELLITES.PLANET, count(*) [Количество спутников] from SATELLITES 
group by SATELLITES.PLANET) s
		ON o.NAMES = s.PLANET;
2021-03-10 14:16:25 INFO  DBConnector:63 - Количество записей результирующего набора данного запроса: 1
2021-03-10 14:16:25 INFO  DBConnector:45 - Источник запроса: SELECT TOP 1 rt1.NAMES,[Сумма радиусов] from (SELECT PLANETS.NAMES, sum(SATELLITES.RADIUS)[Сумма радиусов] FROM PLANETS inner JOIN SATELLITES on PLANETS.NAMES = SATELLITES.PLANET GROUP BY PLANETS.NAMES) rt1 order by [Сумма радиусов] desc;
2021-03-10 14:16:25 INFO  DBConnector:63 - Количество записей результирующего набора данного запроса: 1
2021-03-10 14:16:55 INFO  DBConnector:45 - Источник запроса: SELECT PLANETS.NAMES,PLANETS.RADIUS,PLANETS.TEMPERATURE, PLANETS.HAVE_LIFE,PLANETS.HAVE_ATMOSPHERE,SATELLITES.NAMES as SatelliteName FROM PLANETS INNER JOIN SATELLITES ON PLANETS.NAMES = SATELLITES.PLANET WHERE HAVE_LIFE=?
2021-03-10 14:16:55 INFO  DBConnector:63 - Количество записей результирующего набора данного запроса: 1
2021-03-10 14:16:55 INFO  DBConnector:45 - Источник запроса: SELECT o.NAMES,[Минимальный радиус],isnull([Количество спутников],0) [Количество спутников] FROM (SELECT TOP 1 NAMES, RADIUS [Минимальный радиус] FROM PLANETS rt  order by RADIUS asc) o left outer join (SELECT SATELLITES.PLANET, count(*) [Количество спутников] from SATELLITES 
group by SATELLITES.PLANET) s
		ON o.NAMES = s.PLANET;
2021-03-10 14:16:55 INFO  DBConnector:63 - Количество записей результирующего набора данного запроса: 1
2021-03-10 14:16:55 INFO  DBConnector:45 - Источник запроса: SELECT TOP 1 rt1.NAMES,[Сумма радиусов] from (SELECT PLANETS.NAMES, sum(SATELLITES.RADIUS)[Сумма радиусов] FROM PLANETS inner JOIN SATELLITES on PLANETS.NAMES = SATELLITES.PLANET GROUP BY PLANETS.NAMES) rt1 order by [Сумма радиусов] desc;
2021-03-10 14:16:55 INFO  DBConnector:63 - Количество записей результирующего набора данного запроса: 1
2021-03-10 14:17:21 INFO  DBConnector:45 - Источник запроса: SELECT PLANETS.NAMES,PLANETS.RADIUS,PLANETS.TEMPERATURE, PLANETS.HAVE_LIFE,PLANETS.HAVE_ATMOSPHERE,SATELLITES.NAMES as SatelliteName FROM PLANETS INNER JOIN SATELLITES ON PLANETS.NAMES = SATELLITES.PLANET WHERE HAVE_LIFE=?
2021-03-10 14:17:21 INFO  DBConnector:63 - Количество записей результирующего набора данного запроса: 1
2021-03-10 14:17:21 INFO  DBConnector:45 - Источник запроса: SELECT o.NAMES,[Минимальный радиус],isnull([Количество спутников],0) [Количество спутников] FROM (SELECT TOP 1 NAMES, RADIUS [Минимальный радиус] FROM PLANETS rt  order by RADIUS asc) o left outer join (SELECT SATELLITES.PLANET, count(*) [Количество спутников] from SATELLITES 
group by SATELLITES.PLANET) s
		ON o.NAMES = s.PLANET;
2021-03-10 14:17:21 INFO  DBConnector:63 - Количество записей результирующего набора данного запроса: 1
2021-03-10 14:17:21 INFO  DBConnector:45 - Источник запроса: SELECT TOP 1 rt1.NAMES,[Сумма радиусов] from (SELECT PLANETS.NAMES, sum(SATELLITES.RADIUS)[Сумма радиусов] FROM PLANETS inner JOIN SATELLITES on PLANETS.NAMES = SATELLITES.PLANET GROUP BY PLANETS.NAMES) rt1 order by [Сумма радиусов] desc;
2021-03-10 14:17:21 INFO  DBConnector:63 - Количество записей результирующего набора данного запроса: 1
2021-03-10 14:19:25 INFO  DBConnector:45 - Источник запроса: SELECT PLANETS.NAMES,PLANETS.RADIUS,PLANETS.TEMPERATURE, PLANETS.HAVE_LIFE,PLANETS.HAVE_ATMOSPHERE,SATELLITES.NAMES as SatelliteName FROM PLANETS INNER JOIN SATELLITES ON PLANETS.NAMES = SATELLITES.PLANET WHERE HAVE_LIFE=?
2021-03-10 14:19:26 INFO  DBConnector:63 - Количество записей результирующего набора данного запроса: 15
2021-03-10 14:19:26 INFO  DBConnector:45 - Источник запроса: SELECT o.NAMES,[Минимальный радиус],isnull([Количество спутников],0) [Количество спутников] FROM (SELECT TOP 1 NAMES, RADIUS [Минимальный радиус] FROM PLANETS rt  order by RADIUS asc) o left outer join (SELECT SATELLITES.PLANET, count(*) [Количество спутников] from SATELLITES 
group by SATELLITES.PLANET) s
		ON o.NAMES = s.PLANET;
2021-03-10 14:19:26 INFO  DBConnector:63 - Количество записей результирующего набора данного запроса: 1
2021-03-10 14:19:26 INFO  DBConnector:45 - Источник запроса: SELECT TOP 1 rt1.NAMES,[Сумма радиусов] from (SELECT PLANETS.NAMES, sum(SATELLITES.RADIUS)[Сумма радиусов] FROM PLANETS inner JOIN SATELLITES on PLANETS.NAMES = SATELLITES.PLANET GROUP BY PLANETS.NAMES) rt1 order by [Сумма радиусов] desc;
2021-03-10 14:19:26 INFO  DBConnector:63 - Количество записей результирующего набора данного запроса: 1
2021-03-10 14:25:53 INFO  DBConnector:45 - Источник запроса: SELECT PLANETS.NAMES,PLANETS.RADIUS,PLANETS.TEMPERATURE, PLANETS.HAVE_LIFE,PLANETS.HAVE_ATMOSPHERE,SATELLITES.NAMES as SatelliteName FROM PLANETS INNER JOIN SATELLITES ON PLANETS.NAMES = SATELLITES.PLANET WHERE HAVE_LIFE=?
2021-03-10 14:25:54 INFO  DBConnector:63 - Количество записей результирующего набора данного запроса: 15
2021-03-10 14:25:54 INFO  DBConnector:45 - Источник запроса: SELECT o.NAMES,[Минимальный радиус],isnull([Количество спутников],0) [Количество спутников] FROM (SELECT TOP 1 NAMES, RADIUS [Минимальный радиус] FROM PLANETS rt  order by RADIUS asc) o left outer join (SELECT SATELLITES.PLANET, count(*) [Количество спутников] from SATELLITES 
group by SATELLITES.PLANET) s
		ON o.NAMES = s.PLANET;
2021-03-10 14:25:54 INFO  DBConnector:63 - Количество записей результирующего набора данного запроса: 1
2021-03-10 14:25:54 INFO  DBConnector:45 - Источник запроса: SELECT TOP 1 rt1.NAMES,[Сумма радиусов] from (SELECT PLANETS.NAMES, sum(SATELLITES.RADIUS)[Сумма радиусов] FROM PLANETS inner JOIN SATELLITES on PLANETS.NAMES = SATELLITES.PLANET GROUP BY PLANETS.NAMES) rt1 order by [Сумма радиусов] desc;
2021-03-10 14:25:54 INFO  DBConnector:63 - Количество записей результирующего набора данного запроса: 1
2021-03-10 14:26:29 INFO  DBConnector:45 - Источник запроса: SELECT PLANETS.NAMES,PLANETS.RADIUS,PLANETS.TEMPERATURE, PLANETS.HAVE_LIFE,PLANETS.HAVE_ATMOSPHERE,SATELLITES.NAMES as SatelliteName FROM PLANETS INNER JOIN SATELLITES ON PLANETS.NAMES = SATELLITES.PLANET WHERE HAVE_LIFE=?
2021-03-10 14:26:29 INFO  DBConnector:63 - Количество записей результирующего набора данного запроса: 1
2021-03-10 14:26:29 INFO  DBConnector:45 - Источник запроса: SELECT o.NAMES,[Минимальный радиус],isnull([Количество спутников],0) [Количество спутников] FROM (SELECT TOP 1 NAMES, RADIUS [Минимальный радиус] FROM PLANETS rt  order by RADIUS asc) o left outer join (SELECT SATELLITES.PLANET, count(*) [Количество спутников] from SATELLITES 
group by SATELLITES.PLANET) s
		ON o.NAMES = s.PLANET;
2021-03-10 14:26:29 INFO  DBConnector:63 - Количество записей результирующего набора данного запроса: 1
2021-03-10 14:26:29 INFO  DBConnector:45 - Источник запроса: SELECT TOP 1 rt1.NAMES,[Сумма радиусов] from (SELECT PLANETS.NAMES, sum(SATELLITES.RADIUS)[Сумма радиусов] FROM PLANETS inner JOIN SATELLITES on PLANETS.NAMES = SATELLITES.PLANET GROUP BY PLANETS.NAMES) rt1 order by [Сумма радиусов] desc;
2021-03-10 14:26:29 INFO  DBConnector:63 - Количество записей результирующего набора данного запроса: 1
